#
# A fatal error has been detected by the Java Runtime Environment:
#
#  EXCEPTION_ACCESS_VIOLATION (0xc0000005) at pc=0x00000000, pid=3672, tid=1036
#
# JRE version: Java(TM) SE Runtime Environment (7.0_45-b18) (build 1.7.0_45-b18)
# Java VM: Java HotSpot(TM) Client VM (24.45-b08 mixed mode windows-x86 )
# Problematic frame:
# C  0x00000000
#
# Failed to write core dump. Minidumps are not enabled by default on client versions of Windows
#
# If you would like to submit a bug report, please visit:
#   http://bugreport.sun.com/bugreport/crash.jsp
#

---------------  T H R E A D  ---------------

Current thread (0x17600c00):  JavaThread "main" [_thread_in_vm, id=1036, stack(0x18ba0000,0x18bf0000)]

siginfo: ExceptionCode=0xc0000005, ExceptionInformation=0x00000008 0x00000000

Registers:
EAX=0x0053005c, EBX=0x01243b98, ECX=0x01243b98, EDX=0x00000000
ESP=0x18bef2c4, EBP=0x18bef2d8, ESI=0x00000006, EDI=0x17600c30
EIP=0x00000000, EFLAGS=0x00010206

Top of Stack: (sp=0x18bef2c4)
0x18bef2c4:   672b5506 17600c00 17600c30 17600c00
0x18bef2d4:   17600c00 18bef2f0 672b58db 0053005c
0x18bef2e4:   17600c00 00000006 00000004 18bef30c
0x18bef2f4:   672b5c77 174f2e8c 17600c30 00000006
0x18bef304:   174f2e88 00000006 18bef32c 672f7502
0x18bef314:   174f2e8c 00000006 17600c00 17600c00
0x18bef324:   03833a28 003f7720 18bef348 674dc5da
0x18bef334:   174f2e8c 17600c00 0000bff0 03833a28 

Instructions: (pc=0x00000000)
0xffffffe0:   


Register to memory mapping:

EAX=0x0053005c is an unknown value
EBX=0x01243b98 is an unknown value
ECX=0x01243b98 is an unknown value
EDX=0x00000000 is an unknown value
ESP=0x18bef2c4 is pointing into the stack for thread: 0x17600c00
EBP=0x18bef2d8 is pointing into the stack for thread: 0x17600c00
ESI=0x00000006 is an unknown value
EDI=0x17600c30 is an unknown value


Stack: [0x18ba0000,0x18bf0000],  sp=0x18bef2c4,  free space=316k
Java frames: (J=compiled Java code, j=interpreted, Vv=VM code)
v  ~RuntimeStub::fast_new_instance Runtime1 stub
J  for_loop.loop23.main()V
j  for_loop.__SHELL25.run()V+17
v  ~StubRoutines::call_stub
j  sun.reflect.NativeMethodAccessorImpl.invoke0(Ljava/lang/reflect/Method;Ljava/lang/Object;[Ljava/lang/Object;)Ljava/lang/Object;+0
j  sun.reflect.NativeMethodAccessorImpl.invoke(Ljava/lang/Object;[Ljava/lang/Object;)Ljava/lang/Object;+87
j  sun.reflect.DelegatingMethodAccessorImpl.invoke(Ljava/lang/Object;[Ljava/lang/Object;)Ljava/lang/Object;+6
j  java.lang.reflect.Method.invoke(Ljava/lang/Object;[Ljava/lang/Object;)Ljava/lang/Object;+57
j  bluej.runtime.ExecServer$3.run()V+130
v  ~StubRoutines::call_stub

---------------  P R O C E S S  ---------------

Java Threads: ( => current thread )
=>0x17600c00 JavaThread "main" [_thread_in_vm, id=1036, stack(0x18ba0000,0x18bf0000)]
  0x0122bc00 JavaThread "DestroyJavaVM" [_thread_blocked, id=2560, stack(0x011d0000,0x01220000)]
  0x175a8000 JavaThread "BlueJ worker thread" [_thread_blocked, id=3032, stack(0x17f00000,0x17f50000)]
  0x1757c800 JavaThread "AWT-Windows" daemon [_thread_in_native, id=1696, stack(0x17c60000,0x17cb0000)]
  0x1757ac00 JavaThread "Java2D Disposer" daemon [_thread_blocked, id=4084, stack(0x17e70000,0x17ec0000)]
  0x17508c00 JavaThread "Service Thread" daemon [_thread_blocked, id=1028, stack(0x17cb0000,0x17d00000)]
  0x174fdc00 JavaThread "C1 CompilerThread0" daemon [_thread_blocked, id=636, stack(0x17b20000,0x17b70000)]
  0x174ee400 JavaThread "JDWP Command Reader" daemon [_thread_in_native, id=3796, stack(0x17ba0000,0x17bf0000)]
  0x174ed400 JavaThread "JDWP Event Helper Thread" daemon [_thread_blocked, id=4092, stack(0x17820000,0x17870000)]
  0x174eb400 JavaThread "JDWP Transport Listener: dt_shmem" daemon [_thread_blocked, id=2816, stack(0x17a80000,0x17ad0000)]
  0x174dbc00 JavaThread "Attach Listener" daemon [_thread_blocked, id=3916, stack(0x179d0000,0x17a20000)]
  0x174ad400 JavaThread "Signal Dispatcher" daemon [_thread_blocked, id=1188, stack(0x17940000,0x17990000)]
  0x174ab800 JavaThread "Finalizer" daemon [_thread_blocked, id=2216, stack(0x176b0000,0x17700000)]
  0x174a3400 JavaThread "Reference Handler" daemon [_thread_blocked, id=2464, stack(0x17780000,0x177d0000)]

Other Threads:
  0x174a2000 VMThread [stack: 0x17710000,0x17760000] [id=3948]
  0x1751b000 WatcherThread [stack: 0x17c00000,0x17c50000] [id=3668]

VM state:not at safepoint (normal execution)

VM Mutex/Monitor currently owned by a thread: None

Heap
 def new generation   total 4928K, used 4440K [0x033f0000, 0x03940000, 0x08940000)
  eden space 4416K,  98% used [0x033f0000, 0x03833a78, 0x03840000)
  from space 512K,  14% used [0x03840000, 0x03852830, 0x038c0000)
  to   space 512K,   0% used [0x038c0000, 0x038c0000, 0x03940000)
 tenured generation   total 10944K, used 491K [0x08940000, 0x093f0000, 0x133f0000)
   the space 10944K,   4% used [0x08940000, 0x089bac38, 0x089bae00, 0x093f0000)
 compacting perm gen  total 12288K, used 2812K [0x133f0000, 0x13ff0000, 0x173f0000)
   the space 12288K,  22% used [0x133f0000, 0x136af158, 0x136af200, 0x13ff0000)
No shared spaces configured.

Card table byte_map: [0x173f0000,0x174a0000] byte_map_base: 0x173d6080

Polling page: 0x001c0000

Code Cache  [0x01370000, 0x01430000, 0x03370000)
 total_blobs=244 nmethods=94 adapters=95 free_code_cache=32026Kb largest_free_block=32795264

Compilation events (10 events):
Event: 2133.670 Thread 0x174fdc00   90   !         java.io.PrintStream::println (24 bytes)
Event: 2133.671 Thread 0x174fdc00 nmethod 90 0x01426ec8 code [0x01426fe0, 0x01427238]
Event: 2133.671 Thread 0x174fdc00   91             java.io.PrintStream::print (13 bytes)
Event: 2133.671 Thread 0x174fdc00 nmethod 91 0x01427388 code [0x01427490, 0x0142753c]
Event: 2133.671 Thread 0x174fdc00   92   !         java.io.PrintStream::write (83 bytes)
Event: 2133.673 Thread 0x174fdc00 nmethod 92 0x014275c8 code [0x01427740, 0x01427b54]
Event: 2133.673 Thread 0x174fdc00   93   !         java.io.PrintStream::newLine (73 bytes)
Event: 2133.674 Thread 0x174fdc00 nmethod 93 0x014280c8 code [0x01428230, 0x01428608]
Event: 2135.090 Thread 0x174fdc00   94 %           for_loop.loop23::main @ 7 (64 bytes)
Event: 2135.091 Thread 0x174fdc00 nmethod 94% 0x01428b48 code [0x01428cc0, 0x01429190]

GC Heap History (4 events):
Event: 1089.212 GC heap before
{Heap before GC invocations=0 (full 0):
 def new generation   total 4928K, used 4416K [0x033f0000, 0x03940000, 0x08940000)
  eden space 4416K, 100% used [0x033f0000, 0x03840000, 0x03840000)
  from space 512K,   0% used [0x03840000, 0x03840000, 0x038c0000)
  to   space 512K,   0% used [0x038c0000, 0x038c0000, 0x03940000)
 tenured generation   total 10944K, used 0K [0x08940000, 0x093f0000, 0x133f0000)
   the space 10944K,   0% used [0x08940000, 0x08940000, 0x08940200, 0x093f0000)
 compacting perm gen  total 12288K, used 2778K [0x133f0000, 0x13ff0000, 0x173f0000)
   the space 12288K,  22% used [0x133f0000, 0x136a6a20, 0x136a6c00, 0x13ff0000)
No shared spaces configured.
Event: 1089.219 GC heap after
Heap after GC invocations=1 (full 0):
 def new generation   total 4928K, used 512K [0x033f0000, 0x03940000, 0x08940000)
  eden space 4416K,   0% used [0x033f0000, 0x033f0000, 0x03840000)
  from space 512K, 100% used [0x038c0000, 0x03940000, 0x03940000)
  to   space 512K,   0% used [0x03840000, 0x03840000, 0x038c0000)
 tenured generation   total 10944K, used 17K [0x08940000, 0x093f0000, 0x133f0000)
   the space 10944K,   0% used [0x08940000, 0x08944420, 0x08944600, 0x093f0000)
 compacting perm gen  total 12288K, used 2778K [0x133f0000, 0x13ff0000, 0x173f0000)
   the space 12288K,  22% used [0x133f0000, 0x136a6a20, 0x136a6c00, 0x13ff0000)
No shared spaces configured.
}
Event: 2135.175 GC heap before
{Heap before GC invocations=1 (full 0):
 def new generation   total 4928K, used 4928K [0x033f0000, 0x03940000, 0x08940000)
  eden space 4416K, 100% used [0x033f0000, 0x03840000, 0x03840000)
  from space 512K, 100% used [0x038c0000, 0x03940000, 0x03940000)
  to   space 512K,   0% used [0x03840000, 0x03840000, 0x038c0000)
 tenured generation   total 10944K, used 17K [0x08940000, 0x093f0000, 0x133f0000)
   the space 10944K,   0% used [0x08940000, 0x08944420, 0x08944600, 0x093f0000)
 compacting perm gen  total 12288K, used 2812K [0x133f0000, 0x13ff0000, 0x173f0000)
   the space 12288K,  22% used [0x133f0000, 0x136af158, 0x136af200, 0x13ff0000)
No shared spaces configured.
Event: 2135.182 GC heap after
Heap after GC invocations=2 (full 0):
 def new generation   total 4928K, used 74K [0x033f0000, 0x03940000, 0x08940000)
  eden space 4416K,   0% used [0x033f0000, 0x033f0000, 0x03840000)
  from space 512K,  14% used [0x03840000, 0x03852830, 0x038c0000)
  to   space 512K,   0% used [0x038c0000, 0x038c0000, 0x03940000)
 tenured generation   total 10944K, used 491K [0x08940000, 0x093f0000, 0x133f0000)
   the space 10944K,   4% used [0x08940000, 0x089bac38, 0x089bae00, 0x093f0000)
 compacting perm gen  total 12288K, used 2812K [0x133f0000, 0x13ff0000, 0x173f0000)
   the space 12288K,  22% used [0x133f0000, 0x136af158, 0x136af200, 0x13ff0000)
No shared spaces configured.
}

Deoptimization events (0 events):
No events

Internal exceptions (10 events):
Event: 1222.347 Thread 0x175c4800 Threw 0x03466970 at C:\re\jdk7u45\229\hotspot\src\share\vm\prims\jvm.cpp:1244
Event: 1222.347 Thread 0x175c4800 Threw 0x03466dd0 at C:\re\jdk7u45\229\hotspot\src\share\vm\prims\jvm.cpp:1244
Event: 1688.568 Thread 0x175c4800 Threw 0x034ad180 at C:\re\jdk7u45\229\hotspot\src\share\vm\prims\jvm.cpp:1244
Event: 1688.568 Thread 0x175c4800 Threw 0x034ad5b8 at C:\re\jdk7u45\229\hotspot\src\share\vm\prims\jvm.cpp:1244
Event: 1691.379 Thread 0x17600c00 Threw 0x034b4768 at C:\re\jdk7u45\229\hotspot\src\share\vm\prims\jvm.cpp:1244
Event: 1691.379 Thread 0x17600c00 Threw 0x034b4bc8 at C:\re\jdk7u45\229\hotspot\src\share\vm\prims\jvm.cpp:1244
Event: 2131.184 Thread 0x175c4800 Threw 0x035024e8 at C:\re\jdk7u45\229\hotspot\src\share\vm\prims\jvm.cpp:1244
Event: 2131.184 Thread 0x175c4800 Threw 0x03502920 at C:\re\jdk7u45\229\hotspot\src\share\vm\prims\jvm.cpp:1244
Event: 2133.170 Thread 0x17600c00 Threw 0x03509b70 at C:\re\jdk7u45\229\hotspot\src\share\vm\prims\jvm.cpp:1244
Event: 2133.170 Thread 0x17600c00 Threw 0x03509fd0 at C:\re\jdk7u45\229\hotspot\src\share\vm\prims\jvm.cpp:1244

Events (10 events):
Event: 2135.187 Executing VM operation: RevokeBias
Event: 2135.187 Executing VM operation: RevokeBias done
Event: 2135.187 Executing VM operation: RevokeBias
Event: 2135.187 Executing VM operation: RevokeBias done
Event: 2135.187 Executing VM operation: RevokeBias
Event: 2135.187 Executing VM operation: RevokeBias done
Event: 2135.187 Executing VM operation: BulkRevokeBias
Event: 2135.188 Executing VM operation: BulkRevokeBias done
Event: 2135.188 Executing VM operation: RevokeBias
Event: 2135.188 Executing VM operation: RevokeBias done


Dynamic libraries:
0x00040000 - 0x0006f000 	C:\Program Files\BlueJ\jdk\jre\bin\java.exe
0x77b50000 - 0x77c91000 	C:\Windows\SYSTEM32\ntdll.dll
0x77cc0000 - 0x77d94000 	C:\Windows\system32\kernel32.dll
0x75cc0000 - 0x75d0b000 	C:\Windows\system32\KERNELBASE.dll
0x774a0000 - 0x77540000 	C:\Windows\system32\ADVAPI32.dll
0x77700000 - 0x777ac000 	C:\Windows\system32\msvcrt.dll
0x75f50000 - 0x75f69000 	C:\Windows\SYSTEM32\sechost.dll
0x77a00000 - 0x77aa2000 	C:\Windows\system32\RPCRT4.dll
0x77000000 - 0x770c9000 	C:\Windows\system32\USER32.dll
0x777b0000 - 0x777fe000 	C:\Windows\system32\GDI32.dll
0x77ca0000 - 0x77caa000 	C:\Windows\system32\LPK.dll
0x77ab0000 - 0x77b4d000 	C:\Windows\system32\USP10.dll
0x74a40000 - 0x74bde000 	C:\Windows\WinSxS\x86_microsoft.windows.common-controls_6595b64144ccf1df_6.0.7601.18837_none_41e855142bd5705d\COMCTL32.dll
0x776a0000 - 0x776f7000 	C:\Windows\system32\SHLWAPI.dll
0x76c60000 - 0x76c7f000 	C:\Windows\system32\IMM32.DLL
0x75e80000 - 0x75f4c000 	C:\Windows\system32\MSCTF.dll
0x6bb70000 - 0x6bc2f000 	C:\Program Files\BlueJ\jdk\jre\bin\msvcr100.dll
0x67250000 - 0x675d0000 	C:\Program Files\BlueJ\jdk\jre\bin\client\jvm.dll
0x70fb0000 - 0x70fb7000 	C:\Windows\system32\WSOCK32.dll
0x770d0000 - 0x77105000 	C:\Windows\system32\WS2_32.dll
0x75e70000 - 0x75e76000 	C:\Windows\system32\NSI.dll
0x705c0000 - 0x705f2000 	C:\Windows\system32\WINMM.dll
0x76bc0000 - 0x76bc5000 	C:\Windows\system32\PSAPI.DLL
0x73ed0000 - 0x73edc000 	C:\Program Files\BlueJ\jdk\jre\bin\verify.dll
0x73310000 - 0x73330000 	C:\Program Files\BlueJ\jdk\jre\bin\java.dll
0x6bc90000 - 0x6bcba000 	C:\Program Files\BlueJ\jdk\jre\bin\jdwp.dll
0x71710000 - 0x71717000 	C:\Program Files\BlueJ\jdk\jre\bin\npt.dll
0x73330000 - 0x73343000 	C:\Program Files\BlueJ\jdk\jre\bin\zip.dll
0x73850000 - 0x73859000 	C:\Program Files\BlueJ\jdk\jre\bin\dt_shmem.dll
0x68ab0000 - 0x68bf3000 	C:\Program Files\BlueJ\jdk\jre\bin\awt.dll
0x76bd0000 - 0x76c5f000 	C:\Windows\system32\OLEAUT32.dll
0x76ea0000 - 0x76ffc000 	C:\Windows\system32\ole32.dll
0x748c0000 - 0x74900000 	C:\Windows\system32\uxtheme.dll
0x74590000 - 0x745a3000 	C:\Windows\system32\dwmapi.dll
0x75a60000 - 0x75a6c000 	C:\Windows\system32\CRYPTBASE.dll
0x70c70000 - 0x70d5b000 	C:\Windows\system32\dbghelp.dll

VM Arguments:
jvm_args: -ea -Djavafx.macosx.embedded=true -agentlib:jdwp=transport=dt_shmem,address=javadebug 
java_command: bluej.runtime.ExecServer UTF-8
Launcher Type: SUN_STANDARD

Environment Variables:
PATH=C:\Windows\system32;C:\Windows;C:\Windows\System32\Wbem;C:\Windows\System32\WindowsPowerShell\v1.0\
USERNAME=KG5
OS=Windows_NT
PROCESSOR_IDENTIFIER=x86 Family 15 Model 6 Stepping 4, GenuineIntel



---------------  S Y S T E M  ---------------

OS: Windows 7 Build 7601 Service Pack 1

CPU:total 2 (2 cores per cpu, 1 threads per core) family 15 model 6 stepping 4, cmov, cx8, fxsr, mmx, sse, sse2, sse3, tsc

Memory: 4k page, physical 1832416k(1082604k free), swap 3664832k(2422880k free)

vm_info: Java HotSpot(TM) Client VM (24.45-b08) for windows-x86 JRE (1.7.0_45-b18), built on Oct  8 2013 06:02:43 by "java_re" with unknown MS VC++:1600

time: Wed Jul 29 16:31:44 2015
elapsed time: 2139 seconds

